<?xml version="1.0" ?>
<coverage version="7.6.1" timestamp="1724913984282" lines-valid="41" lines-covered="20" line-rate="0.4878" branches-covered="0" branches-valid="0" branch-rate="0" complexity="0">
	<!-- Generated by coverage.py: https://coverage.readthedocs.io/en/7.6.1 -->
	<!-- Based on https://raw.githubusercontent.com/cobertura/web/master/htdocs/xml/coverage-04.dtd -->
	<sources>
		<source>C:\Apipython</source>
	</sources>
	<packages>
		<package name="." line-rate="0.5" branch-rate="0" complexity="0">
			<classes>
				<class name="math_operations.py" filename="math_operations.py" complexity="0" line-rate="0.5" branch-rate="0">
					<methods/>
					<lines>
						<line number="7" hits="0"/>
						<line number="11" hits="1"/>
						<line number="13" hits="0"/>
						<line number="17" hits="1"/>
						<line number="19" hits="0"/>
						<line number="23" hits="0"/>
						<line number="25" hits="0"/>
						<line number="29" hits="1"/>
						<line number="30" hits="1"/>
						<line number="31" hits="1"/>
					</lines>
				</class>
			</classes>
		</package>
		<package name="tests" line-rate="0.4839" branch-rate="0" complexity="0">
			<classes>
				<class name="test_math_operations.py" filename="tests/test_math_operations.py" complexity="0" line-rate="0.4839" branch-rate="0">
					<methods/>
					<lines>
						<line number="9" hits="0"/>
						<line number="10" hits="0"/>
						<line number="12" hits="0"/>
						<line number="17" hits="0"/>
						<line number="21" hits="1"/>
						<line number="23" hits="0"/>
						<line number="27" hits="1"/>
						<line number="29" hits="0"/>
						<line number="33" hits="1"/>
						<line number="35" hits="0"/>
						<line number="39" hits="1"/>
						<line number="40" hits="1"/>
						<line number="42" hits="0"/>
						<line number="46" hits="1"/>
						<line number="48" hits="0"/>
						<line number="52" hits="1"/>
						<line number="54" hits="0"/>
						<line number="58" hits="1"/>
						<line number="60" hits="0"/>
						<line number="64" hits="1"/>
						<line number="66" hits="0"/>
						<line number="70" hits="1"/>
						<line number="71" hits="1"/>
						<line number="73" hits="0"/>
						<line number="77" hits="1"/>
						<line number="78" hits="1"/>
						<line number="80" hits="0"/>
						<line number="84" hits="1"/>
						<line number="85" hits="1"/>
						<line number="87" hits="0"/>
						<line number="88" hits="0"/>
					</lines>
				</class>
			</classes>
		</package>
	</packages>
</coverage>
